{"C:\\Users\\oscar\\OneDrive\\Desktop\\inventario-nube\\inventario-nube\\server\\src\\app.js": {"path":"C:\\Users\\oscar\\OneDrive\\Desktop\\inventario-nube\\inventario-nube\\server\\src\\app.js","statementMap":{"0":{"start":{"line":10,"column":12},"end":{"line":10,"column":21}},"1":{"start":{"line":12,"column":0},"end":{"line":12,"column":72}},"2":{"start":{"line":13,"column":0},"end":{"line":13,"column":24}},"3":{"start":{"line":15,"column":0},"end":{"line":15,"column":57}},"4":{"start":{"line":15,"column":33},"end":{"line":15,"column":55}},"5":{"start":{"line":17,"column":0},"end":{"line":23,"column":3}},"6":{"start":{"line":18,"column":36},"end":{"line":18,"column":50}},"7":{"start":{"line":19,"column":14},"end":{"line":19,"column":46}},"8":{"start":{"line":21,"column":2},"end":{"line":21,"column":69}},"9":{"start":{"line":21,"column":15},"end":{"line":21,"column":69}},"10":{"start":{"line":22,"column":2},"end":{"line":22,"column":49}},"11":{"start":{"line":25,"column":0},"end":{"line":27,"column":3}},"12":{"start":{"line":26,"column":2},"end":{"line":26,"column":31}},"13":{"start":{"line":30,"column":0},"end":{"line":30,"column":54}},"14":{"start":{"line":31,"column":0},"end":{"line":31,"column":58}},"15":{"start":{"line":32,"column":0},"end":{"line":32,"column":48}}},"fnMap":{"0":{"name":"(anonymous_0)","decl":{"start":{"line":15,"column":19},"end":{"line":15,"column":20}},"loc":{"start":{"line":15,"column":33},"end":{"line":15,"column":55}},"line":15},"1":{"name":"(anonymous_1)","decl":{"start":{"line":17,"column":28},"end":{"line":17,"column":29}},"loc":{"start":{"line":17,"column":42},"end":{"line":23,"column":1}},"line":17},"2":{"name":"(anonymous_2)","decl":{"start":{"line":25,"column":32},"end":{"line":25,"column":33}},"loc":{"start":{"line":25,"column":46},"end":{"line":27,"column":1}},"line":25}},"branchMap":{"0":{"loc":{"start":{"line":18,"column":36},"end":{"line":18,"column":50}},"type":"binary-expr","locations":[{"start":{"line":18,"column":36},"end":{"line":18,"column":44}},{"start":{"line":18,"column":48},"end":{"line":18,"column":50}}],"line":18},"1":{"loc":{"start":{"line":21,"column":2},"end":{"line":21,"column":69}},"type":"if","locations":[{"start":{"line":21,"column":2},"end":{"line":21,"column":69}},{"start":{},"end":{}}],"line":21}},"s":{"0":1,"1":1,"2":1,"3":1,"4":1,"5":1,"6":0,"7":0,"8":0,"9":0,"10":0,"11":1,"12":0,"13":1,"14":1,"15":1},"f":{"0":1,"1":0,"2":0},"b":{"0":[0,0],"1":[0,0]},"_coverageSchema":"1a1c01bbd47fc00a2c39e90264f33305004495a9","hash":"a23c94457d8d15ad4030227fd68f97ae5181da2d"}
,"C:\\Users\\oscar\\OneDrive\\Desktop\\inventario-nube\\inventario-nube\\server\\src\\auth.js": {"path":"C:\\Users\\oscar\\OneDrive\\Desktop\\inventario-nube\\inventario-nube\\server\\src\\auth.js","statementMap":{"0":{"start":{"line":9,"column":18},"end":{"line":13,"column":1}},"1":{"start":{"line":15,"column":17},"end":{"line":15,"column":26}},"2":{"start":{"line":18,"column":2},"end":{"line":20,"column":3}},"3":{"start":{"line":19,"column":4},"end":{"line":19,"column":61}},"4":{"start":{"line":22,"column":16},"end":{"line":22,"column":22}},"5":{"start":{"line":23,"column":15},"end":{"line":29,"column":3}},"6":{"start":{"line":31,"column":2},"end":{"line":31,"column":28}},"7":{"start":{"line":33,"column":2},"end":{"line":33,"column":35}},"8":{"start":{"line":37,"column":2},"end":{"line":37,"column":26}},"9":{"start":{"line":37,"column":14},"end":{"line":37,"column":26}},"10":{"start":{"line":38,"column":2},"end":{"line":38,"column":37}}},"fnMap":{"0":{"name":"login","decl":{"start":{"line":17,"column":16},"end":{"line":17,"column":21}},"loc":{"start":{"line":17,"column":49},"end":{"line":34,"column":1}},"line":17},"1":{"name":"getUserByToken","decl":{"start":{"line":36,"column":16},"end":{"line":36,"column":30}},"loc":{"start":{"line":36,"column":38},"end":{"line":39,"column":1}},"line":36}},"branchMap":{"0":{"loc":{"start":{"line":18,"column":2},"end":{"line":20,"column":3}},"type":"if","locations":[{"start":{"line":18,"column":2},"end":{"line":20,"column":3}},{"start":{},"end":{}}],"line":18},"1":{"loc":{"start":{"line":18,"column":6},"end":{"line":18,"column":66}},"type":"binary-expr","locations":[{"start":{"line":18,"column":6},"end":{"line":18,"column":31}},{"start":{"line":18,"column":35},"end":{"line":18,"column":66}}],"line":18},"2":{"loc":{"start":{"line":27,"column":10},"end":{"line":27,"column":47}},"type":"cond-expr","locations":[{"start":{"line":27,"column":29},"end":{"line":27,"column":36}},{"start":{"line":27,"column":39},"end":{"line":27,"column":47}}],"line":27},"3":{"loc":{"start":{"line":28,"column":15},"end":{"line":28,"column":65}},"type":"cond-expr","locations":[{"start":{"line":28,"column":34},"end":{"line":28,"column":49}},{"start":{"line":28,"column":52},"end":{"line":28,"column":65}}],"line":28},"4":{"loc":{"start":{"line":37,"column":2},"end":{"line":37,"column":26}},"type":"if","locations":[{"start":{"line":37,"column":2},"end":{"line":37,"column":26}},{"start":{},"end":{}}],"line":37},"5":{"loc":{"start":{"line":38,"column":9},"end":{"line":38,"column":36}},"type":"binary-expr","locations":[{"start":{"line":38,"column":9},"end":{"line":38,"column":28}},{"start":{"line":38,"column":32},"end":{"line":38,"column":36}}],"line":38}},"s":{"0":1,"1":1,"2":0,"3":0,"4":0,"5":0,"6":0,"7":0,"8":0,"9":0,"10":0},"f":{"0":0,"1":0},"b":{"0":[0,0],"1":[0,0],"2":[0,0],"3":[0,0],"4":[0,0],"5":[0,0]},"_coverageSchema":"1a1c01bbd47fc00a2c39e90264f33305004495a9","hash":"210035638766c48a996e201e463f4b355b9f7ea5"}
,"C:\\Users\\oscar\\OneDrive\\Desktop\\inventario-nube\\inventario-nube\\server\\src\\db.js": {"path":"C:\\Users\\oscar\\OneDrive\\Desktop\\inventario-nube\\inventario-nube\\server\\src\\db.js","statementMap":{"0":{"start":{"line":9,"column":16},"end":{"line":9,"column":66}},"1":{"start":{"line":12,"column":14},"end":{"line":12,"column":47}},"2":{"start":{"line":13,"column":2},"end":{"line":13,"column":25}},"3":{"start":{"line":17,"column":2},"end":{"line":17,"column":66}}},"fnMap":{"0":{"name":"readDB","decl":{"start":{"line":11,"column":16},"end":{"line":11,"column":22}},"loc":{"start":{"line":11,"column":25},"end":{"line":14,"column":1}},"line":11},"1":{"name":"writeDB","decl":{"start":{"line":16,"column":16},"end":{"line":16,"column":23}},"loc":{"start":{"line":16,"column":28},"end":{"line":18,"column":1}},"line":16}},"branchMap":{},"s":{"0":1,"1":0,"2":0,"3":0},"f":{"0":0,"1":0},"b":{},"_coverageSchema":"1a1c01bbd47fc00a2c39e90264f33305004495a9","hash":"3997f5ef40122a3eb6e91d0ff32fa915b376432b"}
,"C:\\Users\\oscar\\OneDrive\\Desktop\\inventario-nube\\inventario-nube\\server\\src\\index.js": {"path":"C:\\Users\\oscar\\OneDrive\\Desktop\\inventario-nube\\inventario-nube\\server\\src\\index.js","statementMap":{"0":{"start":{"line":15,"column":12},"end":{"line":15,"column":21}},"1":{"start":{"line":16,"column":13},"end":{"line":16,"column":37}},"2":{"start":{"line":18,"column":0},"end":{"line":18,"column":72}},"3":{"start":{"line":19,"column":0},"end":{"line":19,"column":24}},"4":{"start":{"line":22,"column":0},"end":{"line":22,"column":57}},"5":{"start":{"line":22,"column":33},"end":{"line":22,"column":55}},"6":{"start":{"line":28,"column":0},"end":{"line":34,"column":3}},"7":{"start":{"line":29,"column":36},"end":{"line":29,"column":50}},"8":{"start":{"line":30,"column":14},"end":{"line":30,"column":46}},"9":{"start":{"line":32,"column":2},"end":{"line":32,"column":69}},"10":{"start":{"line":32,"column":15},"end":{"line":32,"column":69}},"11":{"start":{"line":33,"column":2},"end":{"line":33,"column":49}},"12":{"start":{"line":39,"column":0},"end":{"line":41,"column":3}},"13":{"start":{"line":40,"column":2},"end":{"line":40,"column":31}},"14":{"start":{"line":44,"column":0},"end":{"line":44,"column":54}},"15":{"start":{"line":45,"column":0},"end":{"line":45,"column":58}},"16":{"start":{"line":46,"column":0},"end":{"line":46,"column":48}},"17":{"start":{"line":49,"column":0},"end":{"line":51,"column":3}},"18":{"start":{"line":50,"column":2},"end":{"line":50,"column":59}},"19":{"start":{"line":53,"column":0},"end":{"line":55,"column":3}},"20":{"start":{"line":54,"column":2},"end":{"line":54,"column":72}}},"fnMap":{"0":{"name":"(anonymous_0)","decl":{"start":{"line":22,"column":19},"end":{"line":22,"column":20}},"loc":{"start":{"line":22,"column":33},"end":{"line":22,"column":55}},"line":22},"1":{"name":"(anonymous_1)","decl":{"start":{"line":28,"column":28},"end":{"line":28,"column":29}},"loc":{"start":{"line":28,"column":42},"end":{"line":34,"column":1}},"line":28},"2":{"name":"(anonymous_2)","decl":{"start":{"line":39,"column":32},"end":{"line":39,"column":33}},"loc":{"start":{"line":39,"column":46},"end":{"line":41,"column":1}},"line":39},"3":{"name":"(anonymous_3)","decl":{"start":{"line":49,"column":8},"end":{"line":49,"column":9}},"loc":{"start":{"line":49,"column":22},"end":{"line":51,"column":1}},"line":49},"4":{"name":"(anonymous_4)","decl":{"start":{"line":53,"column":17},"end":{"line":53,"column":18}},"loc":{"start":{"line":53,"column":23},"end":{"line":55,"column":1}},"line":53}},"branchMap":{"0":{"loc":{"start":{"line":16,"column":13},"end":{"line":16,"column":37}},"type":"binary-expr","locations":[{"start":{"line":16,"column":13},"end":{"line":16,"column":29}},{"start":{"line":16,"column":33},"end":{"line":16,"column":37}}],"line":16},"1":{"loc":{"start":{"line":29,"column":36},"end":{"line":29,"column":50}},"type":"binary-expr","locations":[{"start":{"line":29,"column":36},"end":{"line":29,"column":44}},{"start":{"line":29,"column":48},"end":{"line":29,"column":50}}],"line":29},"2":{"loc":{"start":{"line":32,"column":2},"end":{"line":32,"column":69}},"type":"if","locations":[{"start":{"line":32,"column":2},"end":{"line":32,"column":69}},{"start":{},"end":{}}],"line":32}},"s":{"0":0,"1":0,"2":0,"3":0,"4":0,"5":0,"6":0,"7":0,"8":0,"9":0,"10":0,"11":0,"12":0,"13":0,"14":0,"15":0,"16":0,"17":0,"18":0,"19":0,"20":0},"f":{"0":0,"1":0,"2":0,"3":0,"4":0},"b":{"0":[0,0],"1":[0,0],"2":[0,0]}}
,"C:\\Users\\oscar\\OneDrive\\Desktop\\inventario-nube\\inventario-nube\\server\\src\\middleware\\authMiddleware.js": {"path":"C:\\Users\\oscar\\OneDrive\\Desktop\\inventario-nube\\inventario-nube\\server\\src\\middleware\\authMiddleware.js","statementMap":{"0":{"start":{"line":8,"column":15},"end":{"line":8,"column":46}},"1":{"start":{"line":9,"column":16},"end":{"line":9,"column":63}},"2":{"start":{"line":10,"column":15},"end":{"line":10,"column":36}},"3":{"start":{"line":12,"column":2},"end":{"line":14,"column":3}},"4":{"start":{"line":13,"column":4},"end":{"line":13,"column":63}},"5":{"start":{"line":16,"column":2},"end":{"line":16,"column":18}},"6":{"start":{"line":17,"column":2},"end":{"line":17,"column":20}},"7":{"start":{"line":18,"column":2},"end":{"line":18,"column":9}}},"fnMap":{"0":{"name":"requireAuth","decl":{"start":{"line":7,"column":16},"end":{"line":7,"column":27}},"loc":{"start":{"line":7,"column":44},"end":{"line":19,"column":1}},"line":7}},"branchMap":{"0":{"loc":{"start":{"line":8,"column":15},"end":{"line":8,"column":46}},"type":"binary-expr","locations":[{"start":{"line":8,"column":15},"end":{"line":8,"column":40}},{"start":{"line":8,"column":44},"end":{"line":8,"column":46}}],"line":8},"1":{"loc":{"start":{"line":9,"column":16},"end":{"line":9,"column":63}},"type":"cond-expr","locations":[{"start":{"line":9,"column":45},"end":{"line":9,"column":58}},{"start":{"line":9,"column":61},"end":{"line":9,"column":63}}],"line":9},"2":{"loc":{"start":{"line":12,"column":2},"end":{"line":14,"column":3}},"type":"if","locations":[{"start":{"line":12,"column":2},"end":{"line":14,"column":3}},{"start":{},"end":{}}],"line":12}},"s":{"0":0,"1":0,"2":0,"3":0,"4":0,"5":0,"6":0,"7":0},"f":{"0":0},"b":{"0":[0,0],"1":[0,0],"2":[0,0]},"_coverageSchema":"1a1c01bbd47fc00a2c39e90264f33305004495a9","hash":"d394a8b0d91937f150db646040bde7ade4df59d8"}
,"C:\\Users\\oscar\\OneDrive\\Desktop\\inventario-nube\\inventario-nube\\server\\src\\routes\\categories.js": {"path":"C:\\Users\\oscar\\OneDrive\\Desktop\\inventario-nube\\inventario-nube\\server\\src\\routes\\categories.js","statementMap":{"0":{"start":{"line":4,"column":15},"end":{"line":4,"column":31}},"1":{"start":{"line":13,"column":0},"end":{"line":16,"column":3}},"2":{"start":{"line":14,"column":13},"end":{"line":14,"column":21}},"3":{"start":{"line":15,"column":2},"end":{"line":15,"column":42}},"4":{"start":{"line":18,"column":0},"end":{"line":30,"column":3}},"5":{"start":{"line":19,"column":19},"end":{"line":19,"column":33}},"6":{"start":{"line":20,"column":2},"end":{"line":22,"column":3}},"7":{"start":{"line":21,"column":4},"end":{"line":21,"column":90}},"8":{"start":{"line":24,"column":13},"end":{"line":24,"column":21}},"9":{"start":{"line":25,"column":13},"end":{"line":25,"column":32}},"10":{"start":{"line":26,"column":19},"end":{"line":26,"column":52}},"11":{"start":{"line":27,"column":2},"end":{"line":27,"column":31}},"12":{"start":{"line":28,"column":2},"end":{"line":28,"column":14}},"13":{"start":{"line":29,"column":2},"end":{"line":29,"column":37}},"14":{"start":{"line":32,"column":0},"end":{"line":46,"column":3}},"15":{"start":{"line":33,"column":17},"end":{"line":33,"column":27}},"16":{"start":{"line":34,"column":19},"end":{"line":34,"column":33}},"17":{"start":{"line":35,"column":2},"end":{"line":37,"column":3}},"18":{"start":{"line":36,"column":4},"end":{"line":36,"column":90}},"19":{"start":{"line":39,"column":13},"end":{"line":39,"column":21}},"20":{"start":{"line":40,"column":14},"end":{"line":40,"column":57}},"21":{"start":{"line":40,"column":45},"end":{"line":40,"column":56}},"22":{"start":{"line":41,"column":2},"end":{"line":41,"column":87}},"23":{"start":{"line":41,"column":18},"end":{"line":41,"column":87}},"24":{"start":{"line":43,"column":2},"end":{"line":43,"column":48}},"25":{"start":{"line":44,"column":2},"end":{"line":44,"column":14}},"26":{"start":{"line":45,"column":2},"end":{"line":45,"column":45}},"27":{"start":{"line":48,"column":0},"end":{"line":62,"column":3}},"28":{"start":{"line":49,"column":17},"end":{"line":49,"column":27}},"29":{"start":{"line":50,"column":13},"end":{"line":50,"column":21}},"30":{"start":{"line":53,"column":15},"end":{"line":53,"column":59}},"31":{"start":{"line":53,"column":39},"end":{"line":53,"column":58}},"32":{"start":{"line":54,"column":2},"end":{"line":54,"column":102}},"33":{"start":{"line":54,"column":12},"end":{"line":54,"column":102}},"34":{"start":{"line":56,"column":17},"end":{"line":56,"column":37}},"35":{"start":{"line":57,"column":2},"end":{"line":57,"column":59}},"36":{"start":{"line":57,"column":46},"end":{"line":57,"column":57}},"37":{"start":{"line":58,"column":2},"end":{"line":58,"column":108}},"38":{"start":{"line":58,"column":39},"end":{"line":58,"column":108}},"39":{"start":{"line":60,"column":2},"end":{"line":60,"column":14}},"40":{"start":{"line":61,"column":2},"end":{"line":61,"column":25}}},"fnMap":{"0":{"name":"(anonymous_0)","decl":{"start":{"line":13,"column":16},"end":{"line":13,"column":17}},"loc":{"start":{"line":13,"column":30},"end":{"line":16,"column":1}},"line":13},"1":{"name":"(anonymous_1)","decl":{"start":{"line":18,"column":17},"end":{"line":18,"column":18}},"loc":{"start":{"line":18,"column":31},"end":{"line":30,"column":1}},"line":18},"2":{"name":"(anonymous_2)","decl":{"start":{"line":32,"column":19},"end":{"line":32,"column":20}},"loc":{"start":{"line":32,"column":33},"end":{"line":46,"column":1}},"line":32},"3":{"name":"(anonymous_3)","decl":{"start":{"line":40,"column":38},"end":{"line":40,"column":39}},"loc":{"start":{"line":40,"column":45},"end":{"line":40,"column":56}},"line":40},"4":{"name":"(anonymous_4)","decl":{"start":{"line":48,"column":22},"end":{"line":48,"column":23}},"loc":{"start":{"line":48,"column":36},"end":{"line":62,"column":1}},"line":48},"5":{"name":"(anonymous_5)","decl":{"start":{"line":53,"column":32},"end":{"line":53,"column":33}},"loc":{"start":{"line":53,"column":39},"end":{"line":53,"column":58}},"line":53},"6":{"name":"(anonymous_6)","decl":{"start":{"line":57,"column":39},"end":{"line":57,"column":40}},"loc":{"start":{"line":57,"column":46},"end":{"line":57,"column":57}},"line":57}},"branchMap":{"0":{"loc":{"start":{"line":19,"column":19},"end":{"line":19,"column":33}},"type":"binary-expr","locations":[{"start":{"line":19,"column":19},"end":{"line":19,"column":27}},{"start":{"line":19,"column":31},"end":{"line":19,"column":33}}],"line":19},"1":{"loc":{"start":{"line":20,"column":2},"end":{"line":22,"column":3}},"type":"if","locations":[{"start":{"line":20,"column":2},"end":{"line":22,"column":3}},{"start":{},"end":{}}],"line":20},"2":{"loc":{"start":{"line":20,"column":6},"end":{"line":20,"column":35}},"type":"binary-expr","locations":[{"start":{"line":20,"column":6},"end":{"line":20,"column":11}},{"start":{"line":20,"column":15},"end":{"line":20,"column":35}}],"line":20},"3":{"loc":{"start":{"line":34,"column":19},"end":{"line":34,"column":33}},"type":"binary-expr","locations":[{"start":{"line":34,"column":19},"end":{"line":34,"column":27}},{"start":{"line":34,"column":31},"end":{"line":34,"column":33}}],"line":34},"4":{"loc":{"start":{"line":35,"column":2},"end":{"line":37,"column":3}},"type":"if","locations":[{"start":{"line":35,"column":2},"end":{"line":37,"column":3}},{"start":{},"end":{}}],"line":35},"5":{"loc":{"start":{"line":35,"column":6},"end":{"line":35,"column":35}},"type":"binary-expr","locations":[{"start":{"line":35,"column":6},"end":{"line":35,"column":11}},{"start":{"line":35,"column":15},"end":{"line":35,"column":35}}],"line":35},"6":{"loc":{"start":{"line":41,"column":2},"end":{"line":41,"column":87}},"type":"if","locations":[{"start":{"line":41,"column":2},"end":{"line":41,"column":87}},{"start":{},"end":{}}],"line":41},"7":{"loc":{"start":{"line":54,"column":2},"end":{"line":54,"column":102}},"type":"if","locations":[{"start":{"line":54,"column":2},"end":{"line":54,"column":102}},{"start":{},"end":{}}],"line":54},"8":{"loc":{"start":{"line":58,"column":2},"end":{"line":58,"column":108}},"type":"if","locations":[{"start":{"line":58,"column":2},"end":{"line":58,"column":108}},{"start":{},"end":{}}],"line":58}},"s":{"0":1,"1":1,"2":0,"3":0,"4":1,"5":0,"6":0,"7":0,"8":0,"9":0,"10":0,"11":0,"12":0,"13":0,"14":1,"15":0,"16":0,"17":0,"18":0,"19":0,"20":0,"21":0,"22":0,"23":0,"24":0,"25":0,"26":0,"27":1,"28":0,"29":0,"30":0,"31":0,"32":0,"33":0,"34":0,"35":0,"36":0,"37":0,"38":0,"39":0,"40":0},"f":{"0":0,"1":0,"2":0,"3":0,"4":0,"5":0,"6":0},"b":{"0":[0,0],"1":[0,0],"2":[0,0],"3":[0,0],"4":[0,0],"5":[0,0],"6":[0,0],"7":[0,0],"8":[0,0]},"_coverageSchema":"1a1c01bbd47fc00a2c39e90264f33305004495a9","hash":"2696c47ec6c6de5adb35e5ba778f2e98bdc524e5"}
,"C:\\Users\\oscar\\OneDrive\\Desktop\\inventario-nube\\inventario-nube\\server\\src\\routes\\products.js": {"path":"C:\\Users\\oscar\\OneDrive\\Desktop\\inventario-nube\\inventario-nube\\server\\src\\routes\\products.js","statementMap":{"0":{"start":{"line":4,"column":15},"end":{"line":4,"column":31}},"1":{"start":{"line":13,"column":0},"end":{"line":16,"column":3}},"2":{"start":{"line":14,"column":13},"end":{"line":14,"column":21}},"3":{"start":{"line":15,"column":2},"end":{"line":15,"column":38}},"4":{"start":{"line":18,"column":0},"end":{"line":44,"column":3}},"5":{"start":{"line":19,"column":60},"end":{"line":19,"column":74}},"6":{"start":{"line":21,"column":2},"end":{"line":21,"column":120}},"7":{"start":{"line":21,"column":37},"end":{"line":21,"column":120}},"8":{"start":{"line":22,"column":2},"end":{"line":22,"column":92}},"9":{"start":{"line":22,"column":19},"end":{"line":22,"column":92}},"10":{"start":{"line":24,"column":13},"end":{"line":24,"column":21}},"11":{"start":{"line":25,"column":20},"end":{"line":25,"column":66}},"12":{"start":{"line":25,"column":46},"end":{"line":25,"column":65}},"13":{"start":{"line":26,"column":2},"end":{"line":26,"column":86}},"14":{"start":{"line":26,"column":18},"end":{"line":26,"column":86}},"15":{"start":{"line":28,"column":12},"end":{"line":36,"column":3}},"16":{"start":{"line":38,"column":2},"end":{"line":38,"column":99}},"17":{"start":{"line":38,"column":22},"end":{"line":38,"column":99}},"18":{"start":{"line":39,"column":2},"end":{"line":39,"column":95}},"19":{"start":{"line":39,"column":19},"end":{"line":39,"column":95}},"20":{"start":{"line":41,"column":2},"end":{"line":41,"column":22}},"21":{"start":{"line":42,"column":2},"end":{"line":42,"column":14}},"22":{"start":{"line":43,"column":2},"end":{"line":43,"column":39}},"23":{"start":{"line":46,"column":0},"end":{"line":76,"column":3}},"24":{"start":{"line":47,"column":17},"end":{"line":47,"column":27}},"25":{"start":{"line":48,"column":60},"end":{"line":48,"column":74}},"26":{"start":{"line":50,"column":13},"end":{"line":50,"column":21}},"27":{"start":{"line":51,"column":14},"end":{"line":51,"column":55}},"28":{"start":{"line":51,"column":43},"end":{"line":51,"column":54}},"29":{"start":{"line":52,"column":2},"end":{"line":52,"column":86}},"30":{"start":{"line":52,"column":18},"end":{"line":52,"column":86}},"31":{"start":{"line":54,"column":2},"end":{"line":54,"column":120}},"32":{"start":{"line":54,"column":37},"end":{"line":54,"column":120}},"33":{"start":{"line":55,"column":2},"end":{"line":55,"column":92}},"34":{"start":{"line":55,"column":19},"end":{"line":55,"column":92}},"35":{"start":{"line":57,"column":20},"end":{"line":57,"column":66}},"36":{"start":{"line":57,"column":46},"end":{"line":57,"column":65}},"37":{"start":{"line":58,"column":2},"end":{"line":58,"column":86}},"38":{"start":{"line":58,"column":18},"end":{"line":58,"column":86}},"39":{"start":{"line":60,"column":15},"end":{"line":68,"column":3}},"40":{"start":{"line":70,"column":2},"end":{"line":70,"column":102}},"41":{"start":{"line":70,"column":25},"end":{"line":70,"column":102}},"42":{"start":{"line":71,"column":2},"end":{"line":71,"column":98}},"43":{"start":{"line":71,"column":22},"end":{"line":71,"column":98}},"44":{"start":{"line":73,"column":2},"end":{"line":73,"column":26}},"45":{"start":{"line":74,"column":2},"end":{"line":74,"column":14}},"46":{"start":{"line":75,"column":2},"end":{"line":75,"column":30}},"47":{"start":{"line":78,"column":0},"end":{"line":87,"column":3}},"48":{"start":{"line":79,"column":17},"end":{"line":79,"column":27}},"49":{"start":{"line":80,"column":13},"end":{"line":80,"column":21}},"50":{"start":{"line":81,"column":17},"end":{"line":81,"column":35}},"51":{"start":{"line":82,"column":2},"end":{"line":82,"column":55}},"52":{"start":{"line":82,"column":42},"end":{"line":82,"column":53}},"53":{"start":{"line":83,"column":2},"end":{"line":83,"column":105}},"54":{"start":{"line":83,"column":37},"end":{"line":83,"column":105}},"55":{"start":{"line":85,"column":2},"end":{"line":85,"column":14}},"56":{"start":{"line":86,"column":2},"end":{"line":86,"column":25}}},"fnMap":{"0":{"name":"(anonymous_0)","decl":{"start":{"line":13,"column":16},"end":{"line":13,"column":17}},"loc":{"start":{"line":13,"column":30},"end":{"line":16,"column":1}},"line":13},"1":{"name":"(anonymous_1)","decl":{"start":{"line":18,"column":17},"end":{"line":18,"column":18}},"loc":{"start":{"line":18,"column":31},"end":{"line":44,"column":1}},"line":18},"2":{"name":"(anonymous_2)","decl":{"start":{"line":25,"column":39},"end":{"line":25,"column":40}},"loc":{"start":{"line":25,"column":46},"end":{"line":25,"column":65}},"line":25},"3":{"name":"(anonymous_3)","decl":{"start":{"line":46,"column":19},"end":{"line":46,"column":20}},"loc":{"start":{"line":46,"column":33},"end":{"line":76,"column":1}},"line":46},"4":{"name":"(anonymous_4)","decl":{"start":{"line":51,"column":36},"end":{"line":51,"column":37}},"loc":{"start":{"line":51,"column":43},"end":{"line":51,"column":54}},"line":51},"5":{"name":"(anonymous_5)","decl":{"start":{"line":57,"column":39},"end":{"line":57,"column":40}},"loc":{"start":{"line":57,"column":46},"end":{"line":57,"column":65}},"line":57},"6":{"name":"(anonymous_6)","decl":{"start":{"line":78,"column":22},"end":{"line":78,"column":23}},"loc":{"start":{"line":78,"column":36},"end":{"line":87,"column":1}},"line":78},"7":{"name":"(anonymous_7)","decl":{"start":{"line":82,"column":35},"end":{"line":82,"column":36}},"loc":{"start":{"line":82,"column":42},"end":{"line":82,"column":53}},"line":82}},"branchMap":{"0":{"loc":{"start":{"line":19,"column":60},"end":{"line":19,"column":74}},"type":"binary-expr","locations":[{"start":{"line":19,"column":60},"end":{"line":19,"column":68}},{"start":{"line":19,"column":72},"end":{"line":19,"column":74}}],"line":19},"1":{"loc":{"start":{"line":21,"column":2},"end":{"line":21,"column":120}},"type":"if","locations":[{"start":{"line":21,"column":2},"end":{"line":21,"column":120}},{"start":{},"end":{}}],"line":21},"2":{"loc":{"start":{"line":21,"column":6},"end":{"line":21,"column":35}},"type":"binary-expr","locations":[{"start":{"line":21,"column":6},"end":{"line":21,"column":11}},{"start":{"line":21,"column":15},"end":{"line":21,"column":35}}],"line":21},"3":{"loc":{"start":{"line":22,"column":2},"end":{"line":22,"column":92}},"type":"if","locations":[{"start":{"line":22,"column":2},"end":{"line":22,"column":92}},{"start":{},"end":{}}],"line":22},"4":{"loc":{"start":{"line":26,"column":2},"end":{"line":26,"column":86}},"type":"if","locations":[{"start":{"line":26,"column":2},"end":{"line":26,"column":86}},{"start":{},"end":{}}],"line":26},"5":{"loc":{"start":{"line":31,"column":18},"end":{"line":31,"column":29}},"type":"binary-expr","locations":[{"start":{"line":31,"column":18},"end":{"line":31,"column":23}},{"start":{"line":31,"column":27},"end":{"line":31,"column":29}}],"line":31},"6":{"loc":{"start":{"line":32,"column":16},"end":{"line":32,"column":25}},"type":"binary-expr","locations":[{"start":{"line":32,"column":16},"end":{"line":32,"column":19}},{"start":{"line":32,"column":23},"end":{"line":32,"column":25}}],"line":32},"7":{"loc":{"start":{"line":34,"column":21},"end":{"line":34,"column":34}},"type":"binary-expr","locations":[{"start":{"line":34,"column":21},"end":{"line":34,"column":29}},{"start":{"line":34,"column":33},"end":{"line":34,"column":34}}],"line":34},"8":{"loc":{"start":{"line":35,"column":18},"end":{"line":35,"column":28}},"type":"binary-expr","locations":[{"start":{"line":35,"column":18},"end":{"line":35,"column":23}},{"start":{"line":35,"column":27},"end":{"line":35,"column":28}}],"line":35},"9":{"loc":{"start":{"line":38,"column":2},"end":{"line":38,"column":99}},"type":"if","locations":[{"start":{"line":38,"column":2},"end":{"line":38,"column":99}},{"start":{},"end":{}}],"line":38},"10":{"loc":{"start":{"line":39,"column":2},"end":{"line":39,"column":95}},"type":"if","locations":[{"start":{"line":39,"column":2},"end":{"line":39,"column":95}},{"start":{},"end":{}}],"line":39},"11":{"loc":{"start":{"line":48,"column":60},"end":{"line":48,"column":74}},"type":"binary-expr","locations":[{"start":{"line":48,"column":60},"end":{"line":48,"column":68}},{"start":{"line":48,"column":72},"end":{"line":48,"column":74}}],"line":48},"12":{"loc":{"start":{"line":52,"column":2},"end":{"line":52,"column":86}},"type":"if","locations":[{"start":{"line":52,"column":2},"end":{"line":52,"column":86}},{"start":{},"end":{}}],"line":52},"13":{"loc":{"start":{"line":54,"column":2},"end":{"line":54,"column":120}},"type":"if","locations":[{"start":{"line":54,"column":2},"end":{"line":54,"column":120}},{"start":{},"end":{}}],"line":54},"14":{"loc":{"start":{"line":54,"column":6},"end":{"line":54,"column":35}},"type":"binary-expr","locations":[{"start":{"line":54,"column":6},"end":{"line":54,"column":11}},{"start":{"line":54,"column":15},"end":{"line":54,"column":35}}],"line":54},"15":{"loc":{"start":{"line":55,"column":2},"end":{"line":55,"column":92}},"type":"if","locations":[{"start":{"line":55,"column":2},"end":{"line":55,"column":92}},{"start":{},"end":{}}],"line":55},"16":{"loc":{"start":{"line":58,"column":2},"end":{"line":58,"column":86}},"type":"if","locations":[{"start":{"line":58,"column":2},"end":{"line":58,"column":86}},{"start":{},"end":{}}],"line":58},"17":{"loc":{"start":{"line":63,"column":18},"end":{"line":63,"column":29}},"type":"binary-expr","locations":[{"start":{"line":63,"column":18},"end":{"line":63,"column":23}},{"start":{"line":63,"column":27},"end":{"line":63,"column":29}}],"line":63},"18":{"loc":{"start":{"line":64,"column":16},"end":{"line":64,"column":25}},"type":"binary-expr","locations":[{"start":{"line":64,"column":16},"end":{"line":64,"column":19}},{"start":{"line":64,"column":23},"end":{"line":64,"column":25}}],"line":64},"19":{"loc":{"start":{"line":66,"column":21},"end":{"line":66,"column":34}},"type":"binary-expr","locations":[{"start":{"line":66,"column":21},"end":{"line":66,"column":29}},{"start":{"line":66,"column":33},"end":{"line":66,"column":34}}],"line":66},"20":{"loc":{"start":{"line":67,"column":18},"end":{"line":67,"column":28}},"type":"binary-expr","locations":[{"start":{"line":67,"column":18},"end":{"line":67,"column":23}},{"start":{"line":67,"column":27},"end":{"line":67,"column":28}}],"line":67},"21":{"loc":{"start":{"line":70,"column":2},"end":{"line":70,"column":102}},"type":"if","locations":[{"start":{"line":70,"column":2},"end":{"line":70,"column":102}},{"start":{},"end":{}}],"line":70},"22":{"loc":{"start":{"line":71,"column":2},"end":{"line":71,"column":98}},"type":"if","locations":[{"start":{"line":71,"column":2},"end":{"line":71,"column":98}},{"start":{},"end":{}}],"line":71},"23":{"loc":{"start":{"line":83,"column":2},"end":{"line":83,"column":105}},"type":"if","locations":[{"start":{"line":83,"column":2},"end":{"line":83,"column":105}},{"start":{},"end":{}}],"line":83}},"s":{"0":1,"1":1,"2":0,"3":0,"4":1,"5":0,"6":0,"7":0,"8":0,"9":0,"10":0,"11":0,"12":0,"13":0,"14":0,"15":0,"16":0,"17":0,"18":0,"19":0,"20":0,"21":0,"22":0,"23":1,"24":0,"25":0,"26":0,"27":0,"28":0,"29":0,"30":0,"31":0,"32":0,"33":0,"34":0,"35":0,"36":0,"37":0,"38":0,"39":0,"40":0,"41":0,"42":0,"43":0,"44":0,"45":0,"46":0,"47":1,"48":0,"49":0,"50":0,"51":0,"52":0,"53":0,"54":0,"55":0,"56":0},"f":{"0":0,"1":0,"2":0,"3":0,"4":0,"5":0,"6":0,"7":0},"b":{"0":[0,0],"1":[0,0],"2":[0,0],"3":[0,0],"4":[0,0],"5":[0,0],"6":[0,0],"7":[0,0],"8":[0,0],"9":[0,0],"10":[0,0],"11":[0,0],"12":[0,0],"13":[0,0],"14":[0,0],"15":[0,0],"16":[0,0],"17":[0,0],"18":[0,0],"19":[0,0],"20":[0,0],"21":[0,0],"22":[0,0],"23":[0,0]},"_coverageSchema":"1a1c01bbd47fc00a2c39e90264f33305004495a9","hash":"76398d76aff768c4ff124d6b6c5fb832a5dfbf4f"}
,"C:\\Users\\oscar\\OneDrive\\Desktop\\inventario-nube\\inventario-nube\\server\\src\\routes\\stock.js": {"path":"C:\\Users\\oscar\\OneDrive\\Desktop\\inventario-nube\\inventario-nube\\server\\src\\routes\\stock.js","statementMap":{"0":{"start":{"line":4,"column":15},"end":{"line":4,"column":31}},"1":{"start":{"line":11,"column":0},"end":{"line":29,"column":3}},"2":{"start":{"line":12,"column":13},"end":{"line":12,"column":21}},"3":{"start":{"line":14,"column":21},"end":{"line":14,"column":82}},"4":{"start":{"line":14,"column":52},"end":{"line":14,"column":78}},"5":{"start":{"line":15,"column":24},"end":{"line":15,"column":113}},"6":{"start":{"line":15,"column":55},"end":{"line":15,"column":109}},"7":{"start":{"line":17,"column":21},"end":{"line":26,"column":54}},"8":{"start":{"line":18,"column":18},"end":{"line":18,"column":66}},"9":{"start":{"line":18,"column":44},"end":{"line":18,"column":65}},"10":{"start":{"line":19,"column":4},"end":{"line":25,"column":6}},"11":{"start":{"line":23,"column":38},"end":{"line":23,"column":64}},"12":{"start":{"line":24,"column":41},"end":{"line":24,"column":95}},"13":{"start":{"line":26,"column":20},"end":{"line":26,"column":53}},"14":{"start":{"line":28,"column":2},"end":{"line":28,"column":54}}},"fnMap":{"0":{"name":"(anonymous_0)","decl":{"start":{"line":11,"column":16},"end":{"line":11,"column":17}},"loc":{"start":{"line":11,"column":30},"end":{"line":29,"column":1}},"line":11},"1":{"name":"(anonymous_1)","decl":{"start":{"line":14,"column":40},"end":{"line":14,"column":41}},"loc":{"start":{"line":14,"column":52},"end":{"line":14,"column":78}},"line":14},"2":{"name":"(anonymous_2)","decl":{"start":{"line":15,"column":43},"end":{"line":15,"column":44}},"loc":{"start":{"line":15,"column":55},"end":{"line":15,"column":109}},"line":15},"3":{"name":"(anonymous_3)","decl":{"start":{"line":17,"column":39},"end":{"line":17,"column":40}},"loc":{"start":{"line":17,"column":46},"end":{"line":26,"column":3}},"line":17},"4":{"name":"(anonymous_4)","decl":{"start":{"line":18,"column":37},"end":{"line":18,"column":38}},"loc":{"start":{"line":18,"column":44},"end":{"line":18,"column":65}},"line":18},"5":{"name":"(anonymous_5)","decl":{"start":{"line":23,"column":26},"end":{"line":23,"column":27}},"loc":{"start":{"line":23,"column":38},"end":{"line":23,"column":64}},"line":23},"6":{"name":"(anonymous_6)","decl":{"start":{"line":24,"column":29},"end":{"line":24,"column":30}},"loc":{"start":{"line":24,"column":41},"end":{"line":24,"column":95}},"line":24},"7":{"name":"(anonymous_7)","decl":{"start":{"line":26,"column":10},"end":{"line":26,"column":11}},"loc":{"start":{"line":26,"column":20},"end":{"line":26,"column":53}},"line":26}},"branchMap":{"0":{"loc":{"start":{"line":14,"column":65},"end":{"line":14,"column":77}},"type":"binary-expr","locations":[{"start":{"line":14,"column":65},"end":{"line":14,"column":72}},{"start":{"line":14,"column":76},"end":{"line":14,"column":77}}],"line":14},"1":{"loc":{"start":{"line":15,"column":69},"end":{"line":15,"column":81}},"type":"binary-expr","locations":[{"start":{"line":15,"column":69},"end":{"line":15,"column":76}},{"start":{"line":15,"column":80},"end":{"line":15,"column":81}}],"line":15},"2":{"loc":{"start":{"line":15,"column":92},"end":{"line":15,"column":107}},"type":"binary-expr","locations":[{"start":{"line":15,"column":92},"end":{"line":15,"column":102}},{"start":{"line":15,"column":106},"end":{"line":15,"column":107}}],"line":15},"3":{"loc":{"start":{"line":23,"column":51},"end":{"line":23,"column":63}},"type":"binary-expr","locations":[{"start":{"line":23,"column":51},"end":{"line":23,"column":58}},{"start":{"line":23,"column":62},"end":{"line":23,"column":63}}],"line":23},"4":{"loc":{"start":{"line":24,"column":55},"end":{"line":24,"column":67}},"type":"binary-expr","locations":[{"start":{"line":24,"column":55},"end":{"line":24,"column":62}},{"start":{"line":24,"column":66},"end":{"line":24,"column":67}}],"line":24},"5":{"loc":{"start":{"line":24,"column":78},"end":{"line":24,"column":93}},"type":"binary-expr","locations":[{"start":{"line":24,"column":78},"end":{"line":24,"column":88}},{"start":{"line":24,"column":92},"end":{"line":24,"column":93}}],"line":24}},"s":{"0":1,"1":1,"2":0,"3":0,"4":0,"5":0,"6":0,"7":0,"8":0,"9":0,"10":0,"11":0,"12":0,"13":0,"14":0},"f":{"0":0,"1":0,"2":0,"3":0,"4":0,"5":0,"6":0,"7":0},"b":{"0":[0,0],"1":[0,0],"2":[0,0],"3":[0,0],"4":[0,0],"5":[0,0]},"_coverageSchema":"1a1c01bbd47fc00a2c39e90264f33305004495a9","hash":"b4589a0ccaa815f481fcd726618e56dbc52438a9"}
}
